<?xml version="1.0" encoding="UTF-8"?>
<!-- Generated by org.testng.reporters.JUnitXMLReporter -->
<testsuite hostname="DESKTOP-CINFA6I" ignored="8" name="regression" tests="2" failures="0" timestamp="2020-07-24T11:32:09 IDT" time="34.158" errors="0">
  <testcase name="verifyFooterByCoordinates" time="0.045" classname="ru.stqa.selenium.tests.HomePageTests"/>
  <testcase name="loginTestPositive" time="18.742" classname="ru.stqa.selenium.tests.LoginTests"/>
  <testcase name="verifyFooterToViewElement" time="0.0" classname="ru.stqa.selenium.tests.HomePageTests">
    <ignored/>
  </testcase> <!-- verifyFooterToViewElement -->
  <testcase name="NegativeLoginIncorrectDP2" time="0.0" classname="ru.stqa.selenium.tests.LoginTests">
    <ignored/>
  </testcase> <!-- NegativeLoginIncorrectDP2 -->
  <testcase name="NegativeLoginIncorrectDP3" time="0.0" classname="ru.stqa.selenium.tests.LoginTests">
    <ignored/>
  </testcase> <!-- NegativeLoginIncorrectDP3 -->
  <testcase name="NegativePasswordIncorrect" time="0.0" classname="ru.stqa.selenium.tests.LoginTests">
    <ignored/>
  </testcase> <!-- NegativePasswordIncorrect -->
  <testcase name="@BeforeSuite initTestSuite" time="0.0" classname="ru.stqa.selenium.tests.TestBase">
    <ignored/>
  </testcase> <!-- @BeforeSuite initTestSuite -->
  <testcase name="@AfterSuite tearDown" time="0.0" classname="ru.stqa.selenium.tests.TestBase">
    <ignored/>
  </testcase> <!-- @AfterSuite tearDown -->
  <testcase name="NegativeLoginIncorrect" time="0.0" classname="ru.stqa.selenium.tests.LoginTests">
    <ignored/>
  </testcase> <!-- NegativeLoginIncorrect -->
  <testcase name="loginNegativeNoLoginNoPassword" time="0.0" classname="ru.stqa.selenium.tests.LoginTests">
    <ignored/>
  </testcase> <!-- loginNegativeNoLoginNoPassword -->
</testsuite> <!-- regression -->
