<?xml version="1.0" encoding="UTF-8"?>
<!-- Generated by org.testng.reporters.JUnitXMLReporter -->
<testsuite hostname="DESKTOP-CINFA6I" ignored="9" name="smoke exclude regression" tests="4" failures="0" timestamp="2020-07-24T11:23:03 IDT" time="53.845" errors="0">
  <testcase name="NegativeLoginIncorrect" time="2.92" classname="ru.stqa.selenium.tests.LoginTests"/>
  <testcase name="NegativeLoginIncorrect" time="2.921" classname="ru.stqa.selenium.tests.LoginTests"/>
  <testcase name="NegativeLoginIncorrect" time="2.336" classname="ru.stqa.selenium.tests.LoginTests"/>
  <testcase name="NegativeLoginIncorrect" time="2.872" classname="ru.stqa.selenium.tests.LoginTests"/>
  <testcase name="verifyFooterToViewElement" time="0.0" classname="ru.stqa.selenium.tests.HomePageTests">
    <ignored/>
  </testcase> <!-- verifyFooterToViewElement -->
  <testcase name="NegativeLoginIncorrectDP2" time="0.0" classname="ru.stqa.selenium.tests.LoginTests">
    <ignored/>
  </testcase> <!-- NegativeLoginIncorrectDP2 -->
  <testcase name="NegativeLoginIncorrectDP3" time="0.0" classname="ru.stqa.selenium.tests.LoginTests">
    <ignored/>
  </testcase> <!-- NegativeLoginIncorrectDP3 -->
  <testcase name="NegativePasswordIncorrect" time="0.0" classname="ru.stqa.selenium.tests.LoginTests">
    <ignored/>
  </testcase> <!-- NegativePasswordIncorrect -->
  <testcase name="@BeforeSuite initTestSuite" time="0.0" classname="ru.stqa.selenium.tests.TestBase">
    <ignored/>
  </testcase> <!-- @BeforeSuite initTestSuite -->
  <testcase name="@AfterSuite tearDown" time="0.0" classname="ru.stqa.selenium.tests.TestBase">
    <ignored/>
  </testcase> <!-- @AfterSuite tearDown -->
  <testcase name="loginNegativeNoLoginNoPassword" time="0.0" classname="ru.stqa.selenium.tests.LoginTests">
    <ignored/>
  </testcase> <!-- loginNegativeNoLoginNoPassword -->
  <testcase name="verifyFooterByCoordinates" time="0.0" classname="ru.stqa.selenium.tests.HomePageTests">
    <ignored/>
  </testcase> <!-- verifyFooterByCoordinates -->
  <testcase name="loginTestPositive" time="0.0" classname="ru.stqa.selenium.tests.LoginTests">
    <ignored/>
  </testcase> <!-- loginTestPositive -->
</testsuite> <!-- smoke exclude regression -->
