<?xml version="1.0" encoding="UTF-8"?>
<!-- Generated by org.testng.reporters.JUnitXMLReporter -->
<testsuite hostname="DESKTOP-CINFA6I" ignored="2" name="Test1" tests="6" failures="0" timestamp="2020-07-24T10:24:15 IDT" time="138.08" errors="0">
  <testcase name="verifyFooterByCoordinates" time="0.043" classname="ru.stqa.selenium.tests.HomePageTests"/>
  <testcase name="verifyFooterToViewElement" time="0.048" classname="ru.stqa.selenium.tests.HomePageTests"/>
  <testcase name="addingNewListEventInActivity" time="1.702" classname="ru.stqa.selenium.tests.ActivityMenuTests"/>
  <testcase name="addingNewListEventInActivityDP1" time="1.615" classname="ru.stqa.selenium.tests.ActivityMenuTests"/>
  <testcase name="addingNewListEventInActivityDP1" time="2.089" classname="ru.stqa.selenium.tests.ActivityMenuTests"/>
  <testcase name="addingNewListEventInActivityDP1" time="1.591" classname="ru.stqa.selenium.tests.ActivityMenuTests"/>
  <testcase name="@BeforeSuite initTestSuite" time="0.0" classname="ru.stqa.selenium.tests.TestBase">
    <ignored/>
  </testcase> <!-- @BeforeSuite initTestSuite -->
  <testcase name="@AfterSuite tearDown" time="0.0" classname="ru.stqa.selenium.tests.TestBase">
    <ignored/>
  </testcase> <!-- @AfterSuite tearDown -->
</testsuite> <!-- Test1 -->
